<?xml version="1.0" encoding="UTF-8"?>
<testng-results skipped="0" failed="0" total="1" passed="1">
  <reporter-output>
  </reporter-output>
  <suite name="Default suite" duration-ms="78" started-at="2011-04-28T21:20:22Z" finished-at="2011-04-28T21:20:22Z">
    <groups>
    </groups>
    <test name="Default test" duration-ms="78" started-at="2011-04-28T21:20:22Z" finished-at="2011-04-28T21:20:22Z">
      <class name="support.GlobalParameter">
        <test-method status="PASS" signature="testPath()" name="testPath" duration-ms="47" started-at="2011-04-28T21:20:22Z" finished-at="2011-04-28T21:20:22Z">
        </test-method>
      </class>
    </test>
  </suite>
</testng-results>
